2026-06-18 15:33:22+0800: Running with following config:
allowResignation = true
lagBuffer = 1.0
logAllGTPCommunication = true
logDir = gtp_logs
logSearchInfo = true
logSearchInfoForChosenMove = false
logToStderr = false
maxTime = 60
maxTimePondering = 60.0
maxVisits = 2000
numSearchThreads = 6
ponderingEnabled = false
resignConsecTurns = 3
resignThreshold = -0.90
rules = tromp-taylor
searchFactorAfterOnePass = 0.50
searchFactorAfterTwoPass = 0.25
searchFactorWhenWinning = 0.40
searchFactorWhenWinningThreshold = 0.95

2026-06-18 15:33:22+0800: GTP Engine starting...
2026-06-18 15:33:22+0800: KataGo v1.16.5
2026-06-18 15:33:22+0800: Using TrompTaylor rules initially, unless GTP/GUI overrides this
2026-06-18 15:33:22+0800: Using 6 CPU thread(s) for search
2026-06-18 15:33:22+0800: nnRandSeed0 = 4840249310446353260
2026-06-18 15:33:22+0800: After dedups: nnModelFile0 = D:\Program Files\Reasonix\workspace\lan-boardgame\server\katago\kata1-zhizi-b28c512nbt-muonfd2.bin.gz useFP16 auto useNHWC auto
2026-06-18 15:33:22+0800: Initializing neural net buffer to be size 19 * 19 exactly
2026-06-18 15:33:27+0800: Found OpenCL Platform 0: AMD Accelerated Parallel Processing (Advanced Micro Devices, Inc.) (OpenCL 2.1 AMD-APP (2841.5))
2026-06-18 15:33:28+0800: Found 1 device(s) on platform 0 with type CPU or GPU or Accelerator
2026-06-18 15:33:28+0800: Found OpenCL Device 0: gfx902 (Advanced Micro Devices, Inc.) (score 11000200)
2026-06-18 15:33:28+0800: Creating context for OpenCL Platform: AMD Accelerated Parallel Processing (Advanced Micro Devices, Inc.) (OpenCL 2.1 AMD-APP (2841.5))
2026-06-18 15:33:28+0800: Using OpenCL Device 0: gfx902 (Advanced Micro Devices, Inc.) OpenCL 2.0 AMD-APP (2841.5) (Extensions: cl_khr_fp64 cl_amd_fp64 cl_khr_global_int32_base_atomics cl_khr_global_int32_extended_atomics cl_khr_local_int32_base_atomics cl_khr_local_int32_extended_atomics cl_khr_int64_base_atomics cl_khr_int64_extended_atomics cl_khr_3d_image_writes cl_khr_byte_addressable_store cl_khr_fp16 cl_khr_gl_sharing cl_khr_gl_depth_images cl_amd_device_attribute_query cl_amd_vec3 cl_amd_printf cl_amd_media_ops cl_amd_media_ops2 cl_amd_popcnt cl_khr_d3d10_sharing cl_khr_d3d11_sharing cl_khr_dx9_media_sharing cl_khr_image2d_from_buffer cl_khr_spir cl_khr_subgroups cl_khr_gl_event cl_khr_depth_images cl_khr_mipmap_image cl_khr_mipmap_image_writes cl_amd_liquid_flash cl_amd_planar_yuv)
2026-06-18 15:33:28+0800: Loaded tuning parameters from: D:\Program Files\Reasonix\workspace\lan-boardgame\server\katago\katago-v1.16.5-opencl-windows-x64/KataGoData/opencltuning/tune11_gpugfx902_x19_y19_c512_mv15.txt
2026-06-18 15:33:34+0800: OpenCL backend thread 0: Model version 15
2026-06-18 15:33:34+0800: OpenCL backend thread 0: Model name: zhizi_hzy_b28_muonfd2
2026-06-18 15:33:49+0800: OpenCL backend thread 0: FP16Storage true FP16Compute true FP16TensorCores false FP16TensorCoresFor1x1 false
2026-06-18 15:33:49+0800: Loaded neural net with nnXLen 19 nnYLen 19
2026-06-18 15:33:49+0800: Initializing board with boardXSize 19 boardYSize 19
2026-06-18 15:33:49+0800: Loaded config D:\Program Files\Reasonix\workspace\lan-boardgame\server\katago\katago-v1.16.5-opencl-windows-x64\default_gtp.cfg and/or command-line and query overrides
2026-06-18 15:33:49+0800: Loaded model D:\Program Files\Reasonix\workspace\lan-boardgame\server\katago\kata1-zhizi-b28c512nbt-muonfd2.bin.gz
2026-06-18 15:33:49+0800: Config override: maxTime = 60
2026-06-18 15:33:49+0800: Config override: maxVisits = 2000
2026-06-18 15:33:49+0800: Model name: zhizi_hzy_b28_muonfd2
2026-06-18 15:33:49+0800: GTP ready, beginning main protocol loop
2026-06-18 15:33:49+0800: Controller: name
2026-06-18 15:33:49+0800: = KataGo
2026-06-18 15:33:49+0800: Controller: boardsize 13
2026-06-18 15:33:49+0800: GPU -1 finishing, processed 0 rows 0 batches
2026-06-18 15:33:49+0800: Cleaned up old neural net and bot
2026-06-18 15:33:49+0800: nnRandSeed0 = 10486152102849289408
2026-06-18 15:33:49+0800: After dedups: nnModelFile0 = D:\Program Files\Reasonix\workspace\lan-boardgame\server\katago\kata1-zhizi-b28c512nbt-muonfd2.bin.gz useFP16 auto useNHWC auto
2026-06-18 15:33:49+0800: Initializing neural net buffer to be size 13 * 13 exactly
2026-06-18 15:33:55+0800: Found OpenCL Platform 0: AMD Accelerated Parallel Processing (Advanced Micro Devices, Inc.) (OpenCL 2.1 AMD-APP (2841.5))
2026-06-18 15:33:55+0800: Found 1 device(s) on platform 0 with type CPU or GPU or Accelerator
2026-06-18 15:33:55+0800: Found OpenCL Device 0: gfx902 (Advanced Micro Devices, Inc.) (score 11000200)
2026-06-18 15:33:55+0800: Creating context for OpenCL Platform: AMD Accelerated Parallel Processing (Advanced Micro Devices, Inc.) (OpenCL 2.1 AMD-APP (2841.5))
2026-06-18 15:33:55+0800: Using OpenCL Device 0: gfx902 (Advanced Micro Devices, Inc.) OpenCL 2.0 AMD-APP (2841.5) (Extensions: cl_khr_fp64 cl_amd_fp64 cl_khr_global_int32_base_atomics cl_khr_global_int32_extended_atomics cl_khr_local_int32_base_atomics cl_khr_local_int32_extended_atomics cl_khr_int64_base_atomics cl_khr_int64_extended_atomics cl_khr_3d_image_writes cl_khr_byte_addressable_store cl_khr_fp16 cl_khr_gl_sharing cl_khr_gl_depth_images cl_amd_device_attribute_query cl_amd_vec3 cl_amd_printf cl_amd_media_ops cl_amd_media_ops2 cl_amd_popcnt cl_khr_d3d10_sharing cl_khr_d3d11_sharing cl_khr_dx9_media_sharing cl_khr_image2d_from_buffer cl_khr_spir cl_khr_subgroups cl_khr_gl_event cl_khr_depth_images cl_khr_mipmap_image cl_khr_mipmap_image_writes cl_amd_liquid_flash cl_amd_planar_yuv)
2026-06-18 15:33:55+0800: Loaded tuning parameters from: D:\Program Files\Reasonix\workspace\lan-boardgame\server\katago\katago-v1.16.5-opencl-windows-x64/KataGoData/opencltuning/tune11_gpugfx902_x19_y19_c512_mv15.txt
2026-06-18 15:34:01+0800: OpenCL backend thread 0: Model version 15
2026-06-18 15:34:01+0800: OpenCL backend thread 0: Model name: zhizi_hzy_b28_muonfd2
2026-06-18 15:34:16+0800: OpenCL backend thread 0: FP16Storage true FP16Compute true FP16TensorCores false FP16TensorCoresFor1x1 false
2026-06-18 15:34:16+0800: Loaded neural net with nnXLen 13 nnYLen 13
2026-06-18 15:34:16+0800: Initializing board with boardXSize 13 boardYSize 13
2026-06-18 15:34:16+0800: = 
2026-06-18 15:34:16+0800: Controller: kata-set-rules chinese
2026-06-18 15:34:16+0800: Changed rules to Chinese
2026-06-18 15:34:16+0800: = 
2026-06-18 15:34:16+0800: Controller: komi 7.5
2026-06-18 15:34:16+0800: = 
2026-06-18 15:34:16+0800: Controller: clear_board
2026-06-18 15:34:16+0800: = 
2026-06-18 15:34:25+0800: Controller: play black K10
2026-06-18 15:34:25+0800: = 
2026-06-18 15:34:26+0800: Controller: genmove white
2026-06-18 15:35:26+0800: MoveNum: 1 HASH: 48C82C867219252AAC25E04A62D884C1
   A B C D E F G H J K L M N
13 . . . . . . . . . . . . .
12 . . . . . . . . . . . . .
11 . . . . . . . . . . . . .
10 . . . . . . . . . X1. . .
 9 . . . . . . . . . . . . .
 8 . . . . . . . . . . . . .
 7 . . . . . . . . . . . . .
 6 . . . . . . . . . . . . .
 5 . . . . . . . . . . . . .
 4 . . . @ . . . . . . . . .
 3 . . . . . . . . . . . . .
 2 . . . . . . . . . . . . .
 1 . . . . . . . . . . . . .

koSIMPLEscoreAREAtaxNONEsui0whbNfpok1komi7.5
Time taken: 60.25
Root visits: 1180
New playouts: 1180
NN rows: 1127
NN batches: 376
NN avg batch size: 2.99734
PV: D4 D11 K4 C6 D10 C10 C9 E10 D9 C11 D7 C3 D3 C4 D6 L4 L3 L5 K5
Tree:
: T  57.82c W  56.53c S   1.34c ( +2.1 L  +1.1) N    1180  --  D4 D11 K4 C6 D10 C10 C9
---White(^)---
D4  : T  58.50c W  56.86c S   1.38c ( +2.1 L  +1.2) LCB   55.78c P 63.37% WF 2395.5 PSV    2384 N    1100  --  D4 D11 K4 C6 D10 C10 C9 E10
D10 : T  50.98c W  54.14c S   0.92c ( +1.8 L  +0.9) LCB   41.20c P 12.28% WF 123.3 PSV      67 N      57  --  D10 D4 K3 L5 L11 L10 K11 H11
C10 : T  49.29c W  50.55c S   0.74c ( +1.7 L  +0.9) LCB   23.96c P  3.78% WF  27.6 PSV      17 N      11  --  C10 L4 D4 F3 H11 D10
D11 : T  37.11c W  49.65c S   0.69c ( +1.6 L  +0.9) LCB  -18.38c P  3.04% WF   9.7 PSV       6 N       4  --  D11 L4 D4 H3 C9 D8 D9
C4  : T  29.60c W  39.45c S   0.03c ( +1.2 L  +0.7) LCB -124.26c P  0.31% WF   4.6 PSV       0 N       2  --  C4 L4
L11 : T  42.10c W  45.46c S   0.50c ( +1.5 L  +0.8) LCB -107.89c P  0.19% WF   4.2 PSV       0 N       2  --  L11 K11
C11 : T  15.06c W  16.82c S  -1.76c ( +0.0 L  -0.2) LCB -334.94c P  0.38% WF   1.8 PSV       0 N       1  --  C11
C3  : T  26.74c W  27.84c S  -1.10c ( +0.5 L  +0.1) LCB -323.26c P  0.21% WF   1.9 PSV       0 N       1  --  C3

2026-06-18 15:35:26+0800: = D4
2026-06-18 15:35:32+0800: Controller: play black D10
2026-06-18 15:35:32+0800: = 
2026-06-18 15:35:33+0800: Controller: genmove white
