2026-06-18 10:38:55+0800: Running with following config:
allowResignation = true
lagBuffer = 1.0
logAllGTPCommunication = true
logDir = gtp_logs
logSearchInfo = true
logSearchInfoForChosenMove = false
logToStderr = false
maxTimePondering = 60.0
maxVisits = 2000
numSearchThreads = 6
ponderingEnabled = false
resignConsecTurns = 3
resignThreshold = -0.90
rules = tromp-taylor
searchFactorAfterOnePass = 0.50
searchFactorAfterTwoPass = 0.25
searchFactorWhenWinning = 0.40
searchFactorWhenWinningThreshold = 0.95

2026-06-18 10:38:55+0800: GTP Engine starting...
2026-06-18 10:38:55+0800: KataGo v1.16.5
2026-06-18 10:38:55+0800: Using TrompTaylor rules initially, unless GTP/GUI overrides this
2026-06-18 10:38:55+0800: Using 6 CPU thread(s) for search
2026-06-18 10:38:56+0800: nnRandSeed0 = 15043596909906005951
2026-06-18 10:38:56+0800: After dedups: nnModelFile0 = D:\Program Files\Reasonix\workspace\lan-boardgame\server\katago\kata1-zhizi-b28c512nbt-muonfd2.bin.gz useFP16 auto useNHWC auto
2026-06-18 10:38:56+0800: Initializing neural net buffer to be size 19 * 19 exactly
2026-06-18 10:39:01+0800: Found OpenCL Platform 0: AMD Accelerated Parallel Processing (Advanced Micro Devices, Inc.) (OpenCL 2.1 AMD-APP (2841.5))
2026-06-18 10:39:01+0800: Found 1 device(s) on platform 0 with type CPU or GPU or Accelerator
2026-06-18 10:39:01+0800: Found OpenCL Device 0: gfx902 (Advanced Micro Devices, Inc.) (score 11000200)
2026-06-18 10:39:01+0800: Creating context for OpenCL Platform: AMD Accelerated Parallel Processing (Advanced Micro Devices, Inc.) (OpenCL 2.1 AMD-APP (2841.5))
2026-06-18 10:39:01+0800: Using OpenCL Device 0: gfx902 (Advanced Micro Devices, Inc.) OpenCL 2.0 AMD-APP (2841.5) (Extensions: cl_khr_fp64 cl_amd_fp64 cl_khr_global_int32_base_atomics cl_khr_global_int32_extended_atomics cl_khr_local_int32_base_atomics cl_khr_local_int32_extended_atomics cl_khr_int64_base_atomics cl_khr_int64_extended_atomics cl_khr_3d_image_writes cl_khr_byte_addressable_store cl_khr_fp16 cl_khr_gl_sharing cl_khr_gl_depth_images cl_amd_device_attribute_query cl_amd_vec3 cl_amd_printf cl_amd_media_ops cl_amd_media_ops2 cl_amd_popcnt cl_khr_d3d10_sharing cl_khr_d3d11_sharing cl_khr_dx9_media_sharing cl_khr_image2d_from_buffer cl_khr_spir cl_khr_subgroups cl_khr_gl_event cl_khr_depth_images cl_khr_mipmap_image cl_khr_mipmap_image_writes cl_amd_liquid_flash cl_amd_planar_yuv)
2026-06-18 10:39:01+0800: No existing tuning parameters found or parseable or valid at: D:\Program Files\Reasonix\workspace\lan-boardgame\server\katago\katago-v1.16.5-opencl-windows-x64/KataGoData/opencltuning/tune11_gpugfx902_x19_y19_c512_mv15.txt
2026-06-18 10:39:01+0800: Performing autotuning
2026-06-18 10:39:01+0800: *** On some systems, this may take several minutes, please be patient ***
2026-06-18 10:39:01+0800: Found OpenCL Platform 0: AMD Accelerated Parallel Processing (Advanced Micro Devices, Inc.) (OpenCL 2.1 AMD-APP (2841.5))
2026-06-18 10:39:01+0800: Found 1 device(s) on platform 0 with type CPU or GPU or Accelerator
2026-06-18 10:39:01+0800: Found OpenCL Device 0: gfx902 (Advanced Micro Devices, Inc.) (score 11000200)
2026-06-18 10:39:01+0800: Creating context for OpenCL Platform: AMD Accelerated Parallel Processing (Advanced Micro Devices, Inc.) (OpenCL 2.1 AMD-APP (2841.5))
2026-06-18 10:39:01+0800: Using OpenCL Device 0: gfx902 (Advanced Micro Devices, Inc.) OpenCL 2.0 AMD-APP (2841.5) (Extensions: cl_khr_fp64 cl_amd_fp64 cl_khr_global_int32_base_atomics cl_khr_global_int32_extended_atomics cl_khr_local_int32_base_atomics cl_khr_local_int32_extended_atomics cl_khr_int64_base_atomics cl_khr_int64_extended_atomics cl_khr_3d_image_writes cl_khr_byte_addressable_store cl_khr_fp16 cl_khr_gl_sharing cl_khr_gl_depth_images cl_amd_device_attribute_query cl_amd_vec3 cl_amd_printf cl_amd_media_ops cl_amd_media_ops2 cl_amd_popcnt cl_khr_d3d10_sharing cl_khr_d3d11_sharing cl_khr_dx9_media_sharing cl_khr_image2d_from_buffer cl_khr_spir cl_khr_subgroups cl_khr_gl_event cl_khr_depth_images cl_khr_mipmap_image cl_khr_mipmap_image_writes cl_amd_liquid_flash cl_amd_planar_yuv)
2026-06-18 10:39:01+0800: Dummy tuning thread starting
2026-06-18 10:39:01+0800: Creating context for OpenCL Platform: AMD Accelerated Parallel Processing (Advanced Micro Devices, Inc.) (OpenCL 2.1 AMD-APP (2841.5))
2026-06-18 10:39:01+0800: Using OpenCL Device 0: gfx902 (Advanced Micro Devices, Inc.) OpenCL 2.0 AMD-APP (2841.5) (Extensions: cl_khr_fp64 cl_amd_fp64 cl_khr_global_int32_base_atomics cl_khr_global_int32_extended_atomics cl_khr_local_int32_base_atomics cl_khr_local_int32_extended_atomics cl_khr_int64_base_atomics cl_khr_int64_extended_atomics cl_khr_3d_image_writes cl_khr_byte_addressable_store cl_khr_fp16 cl_khr_gl_sharing cl_khr_gl_depth_images cl_amd_device_attribute_query cl_amd_vec3 cl_amd_printf cl_amd_media_ops cl_amd_media_ops2 cl_amd_popcnt cl_khr_d3d10_sharing cl_khr_d3d11_sharing cl_khr_dx9_media_sharing cl_khr_image2d_from_buffer cl_khr_spir cl_khr_subgroups cl_khr_gl_event cl_khr_depth_images cl_khr_mipmap_image cl_khr_mipmap_image_writes cl_amd_liquid_flash cl_amd_planar_yuv)
