2026-06-18 18:38:02+0800: Running with following config:
allowResignation = true
lagBuffer = 1.0
logAllGTPCommunication = true
logDir = gtp_logs
logSearchInfo = true
logSearchInfoForChosenMove = false
logToStderr = false
maxTime = 60
maxTimePondering = 60.0
maxVisits = 2000
numSearchThreads = 6
ponderingEnabled = false
resignConsecTurns = 3
resignThreshold = -0.90
rules = tromp-taylor
searchFactorAfterOnePass = 0.50
searchFactorAfterTwoPass = 0.25
searchFactorWhenWinning = 0.40
searchFactorWhenWinningThreshold = 0.95

2026-06-18 18:38:02+0800: GTP Engine starting...
2026-06-18 18:38:02+0800: KataGo v1.16.5
2026-06-18 18:38:02+0800: Using TrompTaylor rules initially, unless GTP/GUI overrides this
2026-06-18 18:38:02+0800: Using 6 CPU thread(s) for search
2026-06-18 18:38:03+0800: nnRandSeed0 = 4277600549298605602
2026-06-18 18:38:03+0800: After dedups: nnModelFile0 = D:\Program Files\Reasonix\workspace\lan-boardgame\server\katago\kata1-zhizi-b28c512nbt-muonfd2.bin.gz useFP16 auto useNHWC auto
2026-06-18 18:38:03+0800: Initializing neural net buffer to be size 19 * 19 exactly
2026-06-18 18:38:08+0800: Found OpenCL Platform 0: AMD Accelerated Parallel Processing (Advanced Micro Devices, Inc.) (OpenCL 2.1 AMD-APP (2841.5))
2026-06-18 18:38:08+0800: Found 1 device(s) on platform 0 with type CPU or GPU or Accelerator
2026-06-18 18:38:08+0800: Found OpenCL Device 0: gfx902 (Advanced Micro Devices, Inc.) (score 11000200)
2026-06-18 18:38:08+0800: Creating context for OpenCL Platform: AMD Accelerated Parallel Processing (Advanced Micro Devices, Inc.) (OpenCL 2.1 AMD-APP (2841.5))
2026-06-18 18:38:09+0800: Using OpenCL Device 0: gfx902 (Advanced Micro Devices, Inc.) OpenCL 2.0 AMD-APP (2841.5) (Extensions: cl_khr_fp64 cl_amd_fp64 cl_khr_global_int32_base_atomics cl_khr_global_int32_extended_atomics cl_khr_local_int32_base_atomics cl_khr_local_int32_extended_atomics cl_khr_int64_base_atomics cl_khr_int64_extended_atomics cl_khr_3d_image_writes cl_khr_byte_addressable_store cl_khr_fp16 cl_khr_gl_sharing cl_khr_gl_depth_images cl_amd_device_attribute_query cl_amd_vec3 cl_amd_printf cl_amd_media_ops cl_amd_media_ops2 cl_amd_popcnt cl_khr_d3d10_sharing cl_khr_d3d11_sharing cl_khr_dx9_media_sharing cl_khr_image2d_from_buffer cl_khr_spir cl_khr_subgroups cl_khr_gl_event cl_khr_depth_images cl_khr_mipmap_image cl_khr_mipmap_image_writes cl_amd_liquid_flash cl_amd_planar_yuv)
2026-06-18 18:38:09+0800: Loaded tuning parameters from: D:\Program Files\Reasonix\workspace\lan-boardgame\server\katago\katago-v1.16.5-opencl-windows-x64/KataGoData/opencltuning/tune11_gpugfx902_x19_y19_c512_mv15.txt
2026-06-18 18:38:16+0800: OpenCL backend thread 0: Model version 15
2026-06-18 18:38:16+0800: OpenCL backend thread 0: Model name: zhizi_hzy_b28_muonfd2
2026-06-18 18:38:31+0800: OpenCL backend thread 0: FP16Storage true FP16Compute true FP16TensorCores false FP16TensorCoresFor1x1 false
2026-06-18 18:38:31+0800: Loaded neural net with nnXLen 19 nnYLen 19
2026-06-18 18:38:31+0800: Initializing board with boardXSize 19 boardYSize 19
2026-06-18 18:38:31+0800: Loaded config D:\Program Files\Reasonix\workspace\lan-boardgame\server\katago\katago-v1.16.5-opencl-windows-x64\default_gtp.cfg and/or command-line and query overrides
2026-06-18 18:38:31+0800: Loaded model D:\Program Files\Reasonix\workspace\lan-boardgame\server\katago\kata1-zhizi-b28c512nbt-muonfd2.bin.gz
2026-06-18 18:38:31+0800: Config override: maxTime = 60
2026-06-18 18:38:31+0800: Config override: maxVisits = 2000
2026-06-18 18:38:31+0800: Model name: zhizi_hzy_b28_muonfd2
2026-06-18 18:38:31+0800: GTP ready, beginning main protocol loop
2026-06-18 18:38:31+0800: Controller: name
2026-06-18 18:38:31+0800: = KataGo
2026-06-18 18:38:31+0800: Controller: boardsize 19
2026-06-18 18:38:31+0800: = 
2026-06-18 18:38:31+0800: Controller: kata-set-rules chinese
2026-06-18 18:38:31+0800: Changed rules to Chinese
2026-06-18 18:38:31+0800: = 
2026-06-18 18:38:31+0800: Controller: komi 7.5
2026-06-18 18:38:31+0800: = 
2026-06-18 18:38:31+0800: Controller: clear_board
2026-06-18 18:38:31+0800: = 
2026-06-18 18:38:49+0800: Controller: play black Q16
2026-06-18 18:38:49+0800: = 
2026-06-18 18:38:50+0800: Controller: genmove white
2026-06-18 18:39:50+0800: MoveNum: 1 HASH: D787FAD66281F76731DCD9C1B3387463
   A B C D E F G H J K L M N O P Q R S T
19 . . . . . . . . . . . . . . . . . . .
18 . . . . . . . . . . . . . . . . . . .
17 . . . . . . . . . . . . . . . . . . .
16 . . . . . . . . . . . . . . . X1. . .
15 . . . . . . . . . . . . . . . . . . .
14 . . . . . . . . . . . . . . . . . . .
13 . . . . . . . . . . . . . . . . . . .
12 . . . . . . . . . . . . . . . . . . .
11 . . . . . . . . . . . . . . . . . . .
10 . . . . . . . . . . . . . . . . . . .
 9 . . . . . . . . . . . . . . . . . . .
 8 . . . . . . . . . . . . . . . . . . .
 7 . . . . . . . . . . . . . . . . . . .
 6 . . . . . . . . . . . . . . . . . . .
 5 . . . . . . . . . . . . . . . . . . .
 4 . . . @ . . . . . . . . . . . . . . .
 3 . . . . . . . . . . . . . . . . . . .
 2 . . . . . . . . . . . . . . . . . . .
 1 . . . . . . . . . . . . . . . . . . .

koSIMPLEscoreAREAtaxNONEsui0whbNfpok1komi7.5
Time taken: 60.204
Root visits: 755
New playouts: 755
NN rows: 717
NN batches: 240
NN avg batch size: 2.9875
PV: D4 C3 D3 C4 D5 C6 R17 Q17 R16 Q15 S14 D16 Q4
Tree:
: T  30.89c W  29.35c S   0.15c ( +1.6 L  +1.0) N     755  --  D4 C3 D3 C4 D5 C6 R17
---White(^)---
D4  : T  32.08c W  30.11c S   0.23c ( +1.7 L  +1.0) LCB   29.12c P 20.35% WF 1691.2 PSV    1676 N     592  --  D4 C3 D3 C4 D5 C6 R17 Q17
D16 : T  24.04c W  25.31c S  -0.21c ( +1.3 L  +0.7) LCB   12.61c P 17.47% WF  85.6 PSV      76 N      32  --  D16 C17 D17 C16 D15 B14 D4 Q3
D17 : T  29.82c W  28.76c S   0.06c ( +1.6 L  +0.9) LCB   20.06c P  2.70% WF 123.8 PSV      36 N      42  --  D17 Q3 D4 C3 D3 C4 D5 B6
C16 : T  29.31c W  29.03c S   0.10c ( +1.6 L  +0.9) LCB   22.94c P  2.16% WF 185.3 PSV      24 N      63  --  C16 Q4 D3 E16 E17 F17 D17 F16
C4  : T  16.12c W  22.42c S  -0.58c ( +0.9 L  +0.5) LCB  -60.22c P  1.96% WF   8.6 PSV       4 N       3  --  C4 Q4 D16
C3  : T  22.62c W  23.38c S  -0.76c ( +0.7 L  +0.5) LCB -327.38c P  1.04% WF   3.0 PSV       3 N       1  --  C3
C17 : T   1.27c W   3.49c S  -2.22c ( -0.8 L  -0.4) LCB -348.73c P  0.91% WF   2.6 PSV       1 N       1  --  C17
R17 : T  25.22c W  25.54c S  -0.33c ( +1.2 L  +0.6) LCB -324.78c P  0.15% WF   2.8 PSV       0 N       1  --  R17
D5  : T   4.64c W   6.48c S  -1.85c ( -0.3 L  -0.2) LCB -345.36c P  0.08% WF   2.4 PSV       0 N       1  --  D5
E16 : T   9.13c W  10.77c S  -1.64c ( -0.1 L  -0.0) LCB -340.87c P  0.07% WF   2.5 PSV       0 N       1  --  E16

2026-06-18 18:39:50+0800: = D4
2026-06-18 18:39:50+0800: Controller: lz-analyze white 1
2026-06-18 18:39:50+0800: =
2026-06-18 18:40:03+0800: Controller: play black Q4
2026-06-18 18:40:03+0800: = 
2026-06-18 18:40:03+0800: Controller: genmove white
2026-06-18 18:41:04+0800: MoveNum: 1 HASH: F2FB6A1B9EADCB69B51B5BF34560E526
   A B C D E F G H J K L M N O P Q R S T
19 . . . . . . . . . . . . . . . . . . .
18 . . . . . . . . . . . . . . . . . . .
17 . . . . . . . . . . . . . . . . . . .
16 . . . @ . . . . . . . . . . . X . . .
15 . . . . . . . . . . . . . . . . . . .
14 . . . . . . . . . . . . . . . . . . .
13 . . . . . . . . . . . . . . . . . . .
12 . . . . . . . . . . . . . . . . . . .
11 . . . . . . . . . . . . . . . . . . .
10 . . . . . . . . . . . . . . . . . . .
 9 . . . . . . . . . . . . . . . . . . .
 8 . . . . . . . . . . . . . . . . . . .
 7 . . . . . . . . . . . . . . . . . . .
 6 . . . . . . . . . . . . . . . . . . .
 5 . . . . . . . . . . . . . . . . . . .
 4 . . . O . . . . . . . . . . . X1. . .
 3 . . . . . . . . . . . . . . . . . . .
 2 . . . . . . . . . . . . . . . . . . .
 1 . . . . . . . . . . . . . . . . . . .

koSIMPLEscoreAREAtaxNONEsui0whbNfpok1komi7.5
Time taken: 60.125
Root visits: 792
New playouts: 792
NN rows: 692
NN batches: 232
NN avg batch size: 2.98276
PV: D16 F17 R3 Q3 R4 R6 R5 Q5 S6 C3 D3 C4 D5 B6 R17 Q17 R16 Q15 S14 C14 D14 D13 E14 C16
Tree:
: T  30.98c W  30.04c S   0.46c ( +1.7 L  +1.0) N     792  --  D16 F17 R3 Q3 R4 R6 R5
---White(^)---
D16 : T  31.28c W  30.24c S   0.48c ( +1.7 L  +1.0) LCB   27.94c P 85.23% WF 2082.4 PSV    2079 N     763  --  D16 F17 R3 Q3 R4 R6 R5 Q5
C16 : T  27.68c W  27.74c S   0.22c ( +1.5 L  +0.9) LCB   13.19c P  4.44% WF  40.2 PSV      36 N      14  --  C16 E17 R3 Q3 R4 R6
D17 : T  18.21c W  22.51c S  -0.32c ( +1.0 L  +0.6) LCB   -0.64c P  6.34% WF  21.4 PSV      18 N       8  --  D17 C3 C4 D3 E4
C17 : T  20.49c W  25.88c S   0.19c ( +1.5 L  +0.7) LCB -130.27c P  0.85% WF   5.7 PSV       2 N       2  --  C17 C3
R3  : T  22.22c W  22.59c S  -0.37c ( +0.9 L  +0.5) LCB -327.78c P  0.27% WF   2.6 PSV       1 N       1  --  R3
R17 : T  15.25c W  16.07c S  -0.82c ( +0.5 L  +0.4) LCB -334.75c P  0.33% WF   2.4 PSV       0 N       1  --  R17
C15 : T -11.34c W  -8.50c S  -2.84c ( -1.5 L  -0.9) LCB -361.34c P  0.28% WF   2.2 PSV       0 N       1  --  C15

2026-06-18 18:41:04+0800: = D16
2026-06-18 18:41:04+0800: Controller: lz-analyze white 1
2026-06-18 18:41:04+0800: =
2026-06-18 18:41:48+0800: Controller: play black C17
2026-06-18 18:41:48+0800: = 
2026-06-18 18:41:48+0800: Controller: genmove white
2026-06-18 18:42:49+0800: MoveNum: 1 HASH: 60E373F85C1E9D5500474D57E3BD5CE6
   A B C D E F G H J K L M N O P Q R S T
19 . . . . . . . . . . . . . . . . . . .
18 . . . . . . . . . . . . . . . . . . .
17 . . X1@ . . . . . . . . . . . . . . .
16 . . . O . . . . . . . . . . . X . . .
15 . . . . . . . . . . . . . . . . . . .
14 . . . . . . . . . . . . . . . . . . .
13 . . . . . . . . . . . . . . . . . . .
12 . . . . . . . . . . . . . . . . . . .
11 . . . . . . . . . . . . . . . . . . .
10 . . . . . . . . . . . . . . . . . . .
 9 . . . . . . . . . . . . . . . . . . .
 8 . . . . . . . . . . . . . . . . . . .
 7 . . . . . . . . . . . . . . . . . . .
 6 . . . . . . . . . . . . . . . . . . .
 5 . . . . . . . . . . . . . . . . . . .
 4 . . . O . . . . . . . . . . . X . . .
 3 . . . . . . . . . . . . . . . . . . .
 2 . . . . . . . . . . . . . . . . . . .
 1 . . . . . . . . . . . . . . . . . . .

koSIMPLEscoreAREAtaxNONEsui0whbNfpok1komi7.5
Time taken: 60.359
Root visits: 811
New playouts: 811
NN rows: 661
NN batches: 221
NN avg batch size: 2.99095
PV: D17 C16 D15 B14 R3 Q3 R4 Q5 S6 J17 O17 P17 O16 Q14
Tree:
: T  29.77c W  30.53c S  -1.16c ( +1.8 L  +1.0) N     811  --  D17 C16 D15 B14 R3 Q3 R4
---White(^)---
D17 : T  30.51c W  31.10c S  -1.11c ( +1.8 L  +1.0) LCB   26.25c P 57.55% WF 1707.7 PSV    1694 N     671  --  D17 C16 D15 B14 R3 Q3 R4 Q5
C16 : T  26.35c W  27.93c S  -1.38c ( +1.6 L  +0.9) LCB   19.94c P 39.71% WF 347.3 PSV     323 N     133  --  C16 D17 E16 F17 R3 R4 Q3 O3
R17 : T  28.00c W  30.38c S  -1.23c ( +1.7 L  +1.0) LCB  -70.22c P  0.53% WF   7.6 PSV       6 N       3  --  R17 Q17
R3  : T   1.24c W   4.70c S  -3.46c ( -0.5 L  -0.1) LCB -348.76c P  0.77% WF   2.2 PSV       1 N       1  --  R3
Q3  : T   9.43c W  12.33c S  -2.91c ( +0.1 L  +0.1) LCB -340.57c P  0.10% WF   2.1 PSV       0 N       1  --  Q3
Q17 : T  -0.88c W   2.74c S  -3.62c ( -0.6 L  -0.4) LCB -350.88c P  0.09% WF   2.0 PSV       0 N       1  --  Q17

2026-06-18 18:42:49+0800: = D17
2026-06-18 18:42:49+0800: Controller: lz-analyze white 1
2026-06-18 18:42:49+0800: =
2026-06-18 18:42:56+0800: Controller: play black C16
2026-06-18 18:42:56+0800: = 
2026-06-18 18:42:56+0800: Controller: genmove white
2026-06-18 18:43:56+0800: MoveNum: 1 HASH: D160CCF5A02D0F5F1217AF87AFAA5370
   A B C D E F G H J K L M N O P Q R S T
19 . . . . . . . . . . . . . . . . . . .
18 . . . . . . . . . . . . . . . . . . .
17 . . X O . . . . . . . . . . . . . . .
16 . . X1O . . . . . . . . . . . X . . .
15 . . . @ . . . . . . . . . . . . . . .
14 . . . . . . . . . . . . . . . . . . .
13 . . . . . . . . . . . . . . . . . . .
12 . . . . . . . . . . . . . . . . . . .
11 . . . . . . . . . . . . . . . . . . .
10 . . . . . . . . . . . . . . . . . . .
 9 . . . . . . . . . . . . . . . . . . .
 8 . . . . . . . . . . . . . . . . . . .
 7 . . . . . . . . . . . . . . . . . . .
 6 . . . . . . . . . . . . . . . . . . .
 5 . . . . . . . . . . . . . . . . . . .
 4 . . . O . . . . . . . . . . . X . . .
 3 . . . . . . . . . . . . . . . . . . .
 2 . . . . . . . . . . . . . . . . . . .
 1 . . . . . . . . . . . . . . . . . . .

koSIMPLEscoreAREAtaxNONEsui0whbNfpok1komi7.5
Time taken: 60.235
Root visits: 1355
New playouts: 1355
NN rows: 704
NN batches: 236
NN avg batch size: 2.98305
PV: D15 C15 C14 B14 O3 P3 O4 Q6 K4 C13 D14 C18 O17 J17
Tree:
: T  29.01c W  29.83c S  -0.86c ( +1.7 L  +1.0) N    1355  --  D15 C15 C14 B14 O3 P3 O4
---White(^)---
D15 : T  29.44c W  30.18c S  -0.82c ( +1.8 L  +1.0) LCB   26.19c P 62.79% WF 2739.3 PSV    2726 N    1048  --  D15 C15 C14 B14 O3 P3 O4 Q6
C14 : T  27.91c W  29.06c S  -0.95c ( +1.6 L  +0.9) LCB   22.03c P 29.68% WF 669.2 PSV     654 N     267  --  C14 B14 D15 B13 R17 Q17 R16 R14
C15 : T  25.35c W  25.65c S  -1.29c ( +1.3 L  +0.8) LCB    8.42c P  6.80% WF  83.5 PSV      82 N      35  --  C15 B15 B14 C14 D15 B13 B16 A14
D14 : T   4.11c W   6.88c S  -2.77c ( -0.1 L  -0.3) LCB -345.89c P  0.10% WF   1.7 PSV       0 N       1  --  D14
Q17 : T -12.09c W  -8.17c S  -3.92c ( -1.2 L  -1.0) LCB -362.09c P  0.03% WF   1.6 PSV       0 N       1  --  Q17
Q3  : T -35.81c W -30.16c S  -5.65c ( -2.9 L  -2.1) LCB -385.81c P  0.02% WF   1.3 PSV       0 N       1  --  Q3

2026-06-18 18:43:56+0800: = D15
2026-06-18 18:43:56+0800: Controller: lz-analyze white 1
2026-06-18 18:43:56+0800: =
2026-06-18 18:44:06+0800: Controller: play black C14
2026-06-18 18:44:06+0800: = 
2026-06-18 18:44:06+0800: Controller: genmove white
2026-06-18 18:45:06+0800: MoveNum: 1 HASH: 5284F587A3C603C95AA4C47B9B65EADD
   A B C D E F G H J K L M N O P Q R S T
19 . . . . . . . . . . . . . . . . . . .
18 . . . . . . . . . . . . . . . . . . .
17 . . X O . . . . . . . . . . . . @ . .
16 . . X O . . . . . . . . . . . X . . .
15 . . . O . . . . . . . . . . . . . . .
14 . . X1. . . . . . . . . . . . . . . .
13 . . . . . . . . . . . . . . . . . . .
12 . . . . . . . . . . . . . . . . . . .
11 . . . . . . . . . . . . . . . . . . .
10 . . . . . . . . . . . . . . . . . . .
 9 . . . . . . . . . . . . . . . . . . .
 8 . . . . . . . . . . . . . . . . . . .
 7 . . . . . . . . . . . . . . . . . . .
 6 . . . . . . . . . . . . . . . . . . .
 5 . . . . . . . . . . . . . . . . . . .
 4 . . . O . . . . . . . . . . . X . . .
 3 . . . . . . . . . . . . . . . . . . .
 2 . . . . . . . . . . . . . . . . . . .
 1 . . . . . . . . . . . . . . . . . . .

koSIMPLEscoreAREAtaxNONEsui0whbNfpok1komi7.5
Time taken: 60.469
Root visits: 1189
New playouts: 1189
NN rows: 681
NN batches: 228
NN avg batch size: 2.98684
PV: R17 Q17 R16 R14 S14 B13 Q15 R15 S15 R13 P15 Q18 R12 S13 R18 N17 Q12 S12 S11 T14 T16 R11 R10 P13 N15
Tree:
: T  31.22c W  31.33c S  -0.16c ( +2.0 L  +1.2) N    1189  --  R17 Q17 R16 R14 S14 B13 Q15
---White(^)---
R17 : T  33.00c W  32.50c S  -0.02c ( +2.1 L  +1.3) LCB   28.79c P 30.88% WF 1683.1 PSV    1653 N     981  --  R17 Q17 R16 R14 S14 B13 Q15 R15
C18 : T  27.95c W  29.41c S  -0.48c ( +1.7 L  +1.0) LCB   19.40c P 28.90% WF 384.2 PSV     259 N     153  --  C18 C6 F3 D14 R17 Q17 R16 R14
R3  : T  15.96c W  21.00c S  -1.21c ( +1.0 L  +0.6) LCB    0.33c P 25.30% WF  71.4 PSV      76 N      34  --  R3 Q3 R4 R6 S6 S7 R5 Q6
C15 : T  20.20c W  24.90c S  -0.98c ( +1.2 L  +0.7) LCB   -4.60c P  3.98% WF  16.7 PSV      15 N       7  --  C15 B15 C18 C6 C10 F3
D14 : T  17.17c W  18.72c S  -1.47c ( +0.8 L  +0.4) LCB  -63.58c P  1.79% WF   6.3 PSV       5 N       3  --  D14 C13 C15
R6  : T  26.18c W  28.30c S  -0.59c ( +1.6 L  +0.9) LCB  -47.85c P  0.66% WF   8.8 PSV       4 N       3  --  R6 B13 D14
O17 : T   8.28c W  10.60c S  -2.10c ( +0.1 L  +0.3) LCB -140.93c P  2.24% WF   4.9 PSV       4 N       2  --  O17 B13
R14 : T  22.92c W  27.00c S  -0.69c ( +1.5 L  +0.9) LCB -126.62c P  0.95% WF   5.6 PSV       4 N       2  --  R14 B13
O3  : T  -2.55c W   0.45c S  -3.00c ( -0.8 L  -0.4) LCB -352.55c P  1.10% WF   2.2 PSV       1 N       1  --  O3
K16 : T   9.74c W  11.82c S  -2.08c ( +0.1 L  +0.1) LCB -340.26c P  0.32% WF   2.5 PSV       0 N       1  --  K16

2026-06-18 18:45:06+0800: = R17
2026-06-18 18:45:06+0800: Controller: lz-analyze white 1
2026-06-18 18:45:06+0800: =
2026-06-18 18:45:18+0800: Controller: play black Q17
2026-06-18 18:45:18+0800: = 
2026-06-18 18:45:18+0800: Controller: genmove white
2026-06-18 18:46:18+0800: MoveNum: 1 HASH: BDB87BA18B08C16D0245E716485C309D
   A B C D E F G H J K L M N O P Q R S T
19 . . . . . . . . . . . . . . . . . . .
18 . . . . . . . . . . . . . . . . . . .
17 . . X O . . . . . . . . . . . X1O . .
16 . . X O . . . . . . . . . . . X @ . .
15 . . . O . . . . . . . . . . . . . . .
14 . . X . . . . . . . . . . . . . . . .
13 . . . . . . . . . . . . . . . . . . .
12 . . . . . . . . . . . . . . . . . . .
11 . . . . . . . . . . . . . . . . . . .
10 . . . . . . . . . . . . . . . . . . .
 9 . . . . . . . . . . . . . . . . . . .
 8 . . . . . . . . . . . . . . . . . . .
 7 . . . . . . . . . . . . . . . . . . .
 6 . . . . . . . . . . . . . . . . . . .
 5 . . . . . . . . . . . . . . . . . . .
 4 . . . O . . . . . . . . . . . X . . .
 3 . . . . . . . . . . . . . . . . . . .
 2 . . . . . . . . . . . . . . . . . . .
 1 . . . . . . . . . . . . . . . . . . .

koSIMPLEscoreAREAtaxNONEsui0whbNfpok1komi7.5
Time taken: 60.156
Root visits: 1527
New playouts: 1527
NN rows: 740
NN batches: 248
NN avg batch size: 2.98387
PV: R16 Q15 S14 B13 K16 E13 G15 C6 R3 Q3 R4 Q5 R5 R6 S6 F3 D6 D7 C5 E6 D5 C7 E7
Tree:
: T  31.22c W  32.25c S  -0.51c ( +2.0 L  +1.2) N    1527  --  R16 Q15 S14 B13 K16 E13 G15
---White(^)---
R16 : T  31.32c W  32.35c S  -0.50c ( +2.0 L  +1.2) LCB   27.86c P 96.59% WF 2966.7 PSV    2965 N    1519  --  R16 Q15 S14 B13 K16 E13 G15 C6
D14 : T  -1.77c W  -0.41c S  -3.33c ( -0.6 L  -0.2) LCB -150.93c P  2.31% WF   3.8 PSV       4 N       2  --  D14 C13
C15 : T  -3.47c W  -0.11c S  -3.36c ( -0.7 L  -0.5) LCB -353.47c P  0.42% WF   1.4 PSV       0 N       1  --  C15
Q3  : T  14.10c W  16.13c S  -2.03c ( +0.6 L  +0.1) LCB -335.90c P  0.03% WF   1.9 PSV       0 N       1  --  Q3
R4  : T -14.27c W -10.20c S  -4.06c ( -1.4 L  -1.0) LCB -364.27c P  0.03% WF   1.5 PSV       0 N       1  --  R4
R3  : T -42.73c W -36.55c S  -6.18c ( -3.5 L  -2.5) LCB -392.73c P  0.03% WF   1.2 PSV       0 N       1  --  R3

2026-06-18 18:46:18+0800: = R16
2026-06-18 18:46:18+0800: Controller: lz-analyze white 1
2026-06-18 18:46:18+0800: =
2026-06-18 18:46:28+0800: Controller: play black R14
2026-06-18 18:46:28+0800: = 
2026-06-18 18:46:28+0800: Controller: genmove white
2026-06-18 18:47:28+0800: MoveNum: 1 HASH: A811065BD44738089389A9ED7FC1C4BB
   A B C D E F G H J K L M N O P Q R S T
19 . . . . . . . . . . . . . . . . . . .
18 . . . . . . . . . . . . . . . . . . .
17 . . X O . . . . . . . . . . . X O . .
16 . . X O . . . . . . . . . . . X O . .
15 . . . O . . . . . . . . . . . . . . .
14 . . X . . . . . . . . . . . . . X1@ .
13 . . . . . . . . . . . . . . . . . . .
12 . . . . . . . . . . . . . . . . . . .
11 . . . . . . . . . . . . . . . . . . .
10 . . . . . . . . . . . . . . . . . . .
 9 . . . . . . . . . . . . . . . . . . .
 8 . . . . . . . . . . . . . . . . . . .
 7 . . . . . . . . . . . . . . . . . . .
 6 . . . . . . . . . . . . . . . . . . .
 5 . . . . . . . . . . . . . . . . . . .
 4 . . . O . . . . . . . . . . . X . . .
 3 . . . . . . . . . . . . . . . . . . .
 2 . . . . . . . . . . . . . . . . . . .
 1 . . . . . . . . . . . . . . . . . . .

koSIMPLEscoreAREAtaxNONEsui0whbNfpok1komi7.5
Time taken: 60.36
Root visits: 1920
New playouts: 1920
NN rows: 681
NN batches: 228
NN avg batch size: 2.98684
PV: S14 B13 Q15 R15 S15 R13 P15 Q18 R12 S13 R18 N17 Q12 T14 T16 S12 S11 R11 R10 P14 N15 O11 O17 O18 M17
Tree:
: T  40.01c W  37.39c S   1.80c ( +2.7 L  +1.7) N    1920  --  S14 B13 Q15 R15 S15 R13 P15
---White(^)---
S14 : T  40.80c W  37.75c S   1.85c ( +2.8 L  +1.7) LCB   37.58c P 67.98% WF 2332.3 PSV    2315 N    1863  --  S14 B13 Q15 R15 S15 R13 P15 Q18
R15 : T  25.54c W  31.29c S   0.89c ( +1.8 L  +1.0) LCB    9.04c P 30.69% WF 111.9 PSV     116 N      48  --  R15 Q15 S14 F3 R3 Q3 R4 Q5
D14 : T  36.53c W  37.50c S   1.43c ( +2.3 L  +1.3) LCB  -12.54c P  0.46% WF  12.1 PSV       4 N       5  --  D14 C13 R15
C15 : T -14.57c W -11.86c S  -2.72c ( -1.6 L  -1.0) LCB -364.57c P  0.19% WF   1.3 PSV       0 N       1  --  C15
Q18 : T -27.54c W -23.95c S  -3.59c ( -2.4 L  -1.7) LCB -377.54c P  0.08% WF   1.1 PSV       0 N       1  --  Q18

2026-06-18 18:47:28+0800: = S14
2026-06-18 18:47:28+0800: Controller: lz-analyze white 1
2026-06-18 18:47:28+0800: =
2026-06-18 18:47:41+0800: Controller: play black B13
2026-06-18 18:47:41+0800: = 
2026-06-18 18:47:41+0800: Controller: genmove white
2026-06-18 18:48:25+0800: MoveNum: 1 HASH: DAABC8B6C6E46E5FEFAFB4E49C9B094C
   A B C D E F G H J K L M N O P Q R S T
19 . . . . . . . . . . . . . . . . . . .
18 . . . . . . . . . . . . . . . . . . .
17 . . X O . . . . . . . . . . . X O . .
16 . . X O . . . . . . . . . . . X O . .
15 . . . O . . . . . . . . . . . @ . . .
14 . . X . . . . . . . . . . . . . X O .
13 . X1. . . . . . . . . . . . . . . . .
12 . . . . . . . . . . . . . . . . . . .
11 . . . . . . . . . . . . . . . . . . .
10 . . . . . . . . . . . . . . . . . . .
 9 . . . . . . . . . . . . . . . . . . .
 8 . . . . . . . . . . . . . . . . . . .
 7 . . . . . . . . . . . . . . . . . . .
 6 . . . . . . . . . . . . . . . . . . .
 5 . . . . . . . . . . . . . . . . . . .
 4 . . . O . . . . . . . . . . . X . . .
 3 . . . . . . . . . . . . . . . . . . .
 2 . . . . . . . . . . . . . . . . . . .
 1 . . . . . . . . . . . . . . . . . . .

koSIMPLEscoreAREAtaxNONEsui0whbNfpok1komi7.5
Time taken: 44.078
Root visits: 2005
New playouts: 2005
NN rows: 516
NN batches: 173
NN avg batch size: 2.98266
PV: Q15 R15 S15 R13 P15 Q18 R12 S13 R18 N17 Q12 T14 T16 S12 S11 R11 R10 P13 N15 O11 P11 P14 M17 N16 M16
Tree:
: T  38.08c W  38.25c S  -0.61c ( +2.9 L  +1.8) N    2005  --  Q15 R15 S15 R13 P15 Q18 R12
---White(^)---
Q15 : T  39.64c W  39.43c S  -0.44c ( +3.1 L  +1.9) LCB   36.48c P 49.14% WF 2014.7 PSV    1990 N    1858  --  Q15 R15 S15 R13 P15 Q18 R12 S13
R15 : T  33.20c W  32.74c S  -1.62c ( +2.0 L  +1.1) LCB   18.36c P 12.14% WF 128.8 PSV      96 N      52  --  R15 Q15 D14 C3 D3 C4 D5
L17 : T  25.23c W  26.46c S  -2.09c ( +1.5 L  +0.8) LCB    5.56c P 13.68% WF  52.7 PSV      54 N      23  --  L17 Q15 S13 J17 L15 J15 D14 D13
C18 : T  35.38c W  36.89c S  -1.08c ( +2.5 L  +1.4) LCB   14.86c P  3.70% WF  49.2 PSV      40 N      24  --  C18 B18 Q15 R15 S15 R13 P15 Q18
K17 : T  25.22c W  33.59c S  -1.37c ( +2.2 L  +1.2) LCB   -8.76c P  5.09% WF  29.3 PSV      20 N      16  --  K17 S13 R15 Q14 Q15 P15 P16
J17 : T   6.55c W  22.78c S  -2.41c ( +1.2 L  +0.7) LCB  -38.51c P  7.01% WF  12.0 PSV      12 N       7  --  J17 S13 R15 Q14 Q15 P15 P16
K16 : T  33.33c W  38.40c S  -0.95c ( +2.6 L  +1.5) LCB  -26.41c P  0.55% WF  13.9 PSV       4 N       6  --  K16 M17 R13
M17 : T  19.05c W  22.68c S  -2.38c ( +1.2 L  +0.7) LCB  -22.33c P  1.61% WF  10.2 PSV       4 N       5  --  M17 Q15 S13 H16
M16 : T  26.36c W  28.91c S  -1.89c ( +1.7 L  +0.8) LCB  -23.37c P  0.98% WF  12.1 PSV       4 N       5  --  M16 Q15 S13 J17
R13 : T -28.49c W   4.55c S  -3.97c ( -0.3 L  -0.3) LCB -142.36c P  2.30% WF   4.0 PSV       2 N       3  --  R13 Q14 J17

2026-06-18 18:48:25+0800: = Q15
2026-06-18 18:48:25+0800: Controller: lz-analyze white 1
2026-06-18 18:48:25+0800: =
2026-06-18 18:48:39+0800: Controller: play black R15
2026-06-18 18:48:39+0800: = 
2026-06-18 18:48:39+0800: Controller: genmove white
2026-06-18 18:48:47+0800: MoveNum: 1 HASH: 6A81B60D1DBA7B6DA137B24357838CDF
   A B C D E F G H J K L M N O P Q R S T
19 . . . . . . . . . . . . . . . . . . .
18 . . . . . . . . . . . . . . . . . . .
17 . . X O . . . . . . . . . . . X O . .
16 . . X O . . . . . . . . . . . X O . .
15 . . . O . . . . . . . . . . . O X1@ .
14 . . X . . . . . . . . . . . . . X O .
13 . X . . . . . . . . . . . . . . . . .
12 . . . . . . . . . . . . . . . . . . .
11 . . . . . . . . . . . . . . . . . . .
10 . . . . . . . . . . . . . . . . . . .
 9 . . . . . . . . . . . . . . . . . . .
 8 . . . . . . . . . . . . . . . . . . .
 7 . . . . . . . . . . . . . . . . . . .
 6 . . . . . . . . . . . . . . . . . . .
 5 . . . . . . . . . . . . . . . . . . .
 4 . . . O . . . . . . . . . . . X . . .
 3 . . . . . . . . . . . . . . . . . . .
 2 . . . . . . . . . . . . . . . . . . .
 1 . . . . . . . . . . . . . . . . . . .

koSIMPLEscoreAREAtaxNONEsui0whbNfpok1komi7.5
Time taken: 8.016
Root visits: 2005
New playouts: 2005
NN rows: 101
NN batches: 35
NN avg batch size: 2.88571
PV: S15 R13 P15 Q18 R12 S13 R18 N17 Q12 T14 T16 S12 S11 R11 R10 P14 N15 O11 P11 P13 M17 M18 O17 O18 N16
Tree:
: T  42.30c W  40.64c S   1.48c ( +3.2 L  +2.0) N    2005  --  S15 R13 P15 Q18 R12 S13 R18
---White(^)---
S15 : T  42.42c W  40.72c S   1.49c ( +3.2 L  +2.0) LCB   39.45c P 97.93% WF 2157.1 PSV    2156 N    1998  --  S15 R13 P15 Q18 R12 S13 R18 N17
P15 : T   0.91c W   6.74c S  -1.74c ( +0.0 L  +0.0) LCB -163.33c P  1.28% WF   1.8 PSV       1 N       2  --  P15 S15
C15 : T  14.03c W  21.32c S  -0.77c ( +1.0 L  +0.6) LCB -139.09c P  0.31% WF   2.5 PSV       0 N       2  --  C15 B15
Q18 : T   3.13c W  13.31c S  -1.25c ( +0.5 L  +0.2) LCB -150.65c P  0.30% WF   2.6 PSV       0 N       2  --  Q18 P18

2026-06-18 18:48:47+0800: = S15
2026-06-18 18:48:47+0800: Controller: lz-analyze white 1
2026-06-18 18:48:47+0800: =
2026-06-18 18:49:22+0800: Controller: play black R13
2026-06-18 18:49:22+0800: = 
2026-06-18 18:49:22+0800: Controller: genmove white
2026-06-18 18:49:33+0800: MoveNum: 1 HASH: ABA5C33F157BC53643FA3FA04E38531B
   A B C D E F G H J K L M N O P Q R S T
19 . . . . . . . . . . . . . . . . . . .
18 . . . . . . . . . . . . . . . . . . .
17 . . X O . . . . . . . . . . . X O . .
16 . . X O . . . . . . . . . . . X O . .
15 . . . O . . . . . . . . . . @ O X O .
14 . . X . . . . . . . . . . . . . X O .
13 . X . . . . . . . . . . . . . . X1. .
12 . . . . . . . . . . . . . . . . . . .
11 . . . . . . . . . . . . . . . . . . .
10 . . . . . . . . . . . . . . . . . . .
 9 . . . . . . . . . . . . . . . . . . .
 8 . . . . . . . . . . . . . . . . . . .
 7 . . . . . . . . . . . . . . . . . . .
 6 . . . . . . . . . . . . . . . . . . .
 5 . . . . . . . . . . . . . . . . . . .
 4 . . . O . . . . . . . . . . . X . . .
 3 . . . . . . . . . . . . . . . . . . .
 2 . . . . . . . . . . . . . . . . . . .
 1 . . . . . . . . . . . . . . . . . . .

koSIMPLEscoreAREAtaxNONEsui0whbNfpok1komi7.5
Time taken: 10.531
Root visits: 2005
New playouts: 2005
NN rows: 132
NN batches: 45
NN avg batch size: 2.93333
PV: P15 Q18 R12 S13 R18 N17 Q12 T14 T16 S12 S11 R11 R10 P13 N15 O11 P11 P14 M17 M18 O17 O18 N16 N18 O12
Tree:
: T  42.03c W  40.61c S   0.64c ( +3.2 L  +2.0) N    2005  --  P15 Q18 R12 S13 R18 N17 Q12
---White(^)---
P15 : T  42.20c W  40.76c S   0.65c ( +3.2 L  +2.0) LCB   39.16c P 98.33% WF 2142.7 PSV    2141 N    1998  --  P15 Q18 R12 S13 R18 N17 Q12 T14
P14 : T -21.50c W -17.05c S  -4.45c ( -1.9 L  -1.1) LCB -371.50c P  0.61% WF   1.3 PSV       0 N       1  --  P14
S13 : T -27.44c W -22.74c S  -4.70c ( -2.0 L  -1.5) LCB -377.44c P  0.15% WF   1.2 PSV       0 N       1  --  S13
C15 : T  15.89c W  17.68c S  -1.79c ( +0.8 L  +0.3) LCB -334.11c P  0.15% WF   1.4 PSV       0 N       1  --  C15
P13 : T -55.28c W -48.91c S  -6.37c ( -3.5 L  -3.1) LCB -405.28c P  0.08% WF   0.8 PSV       0 N       1  --  P13
R12 : T  17.34c W  18.86c S  -1.52c ( +1.0 L  +0.5) LCB -332.66c P  0.07% WF   1.4 PSV       0 N       1  --  R12
C18 : T -27.69c W -22.79c S  -4.90c ( -2.2 L  -1.6) LCB -377.69c P  0.05% WF   1.2 PSV       0 N       1  --  C18

2026-06-18 18:49:33+0800: = P15
2026-06-18 18:49:33+0800: Controller: lz-analyze white 1
2026-06-18 18:49:33+0800: =
2026-06-18 18:49:50+0800: Controller: play black Q18
2026-06-18 18:49:50+0800: = 
2026-06-18 18:49:51+0800: Controller: genmove white
2026-06-18 18:50:04+0800: MoveNum: 1 HASH: CCB5293584DFEB4A03074FF5CE436F0B
   A B C D E F G H J K L M N O P Q R S T
19 . . . . . . . . . . . . . . . . . . .
18 . . . . . . . . . . . . . . . X1. . .
17 . . X O . . . . . . . . . . . X O . .
16 . . X O . . . . . . . . . . . X O . .
15 . . . O . . . . . . . . . . O O X O .
14 . . X . . . . . . . . . . . . . X O .
13 . X . . . . . . . . . . . . . . X . .
12 . . . . . . . . . . . . . . . . @ . .
11 . . . . . . . . . . . . . . . . . . .
10 . . . . . . . . . . . . . . . . . . .
 9 . . . . . . . . . . . . . . . . . . .
 8 . . . . . . . . . . . . . . . . . . .
 7 . . . . . . . . . . . . . . . . . . .
 6 . . . . . . . . . . . . . . . . . . .
 5 . . . . . . . . . . . . . . . . . . .
 4 . . . O . . . . . . . . . . . X . . .
 3 . . . . . . . . . . . . . . . . . . .
 2 . . . . . . . . . . . . . . . . . . .
 1 . . . . . . . . . . . . . . . . . . .

koSIMPLEscoreAREAtaxNONEsui0whbNfpok1komi7.5
Time taken: 13
Root visits: 2005
New playouts: 2005
NN rows: 163
NN batches: 55
NN avg batch size: 2.96364
PV: R12 S13 R18 N17 Q12 T14 T16 S12 S11 R11 R10 P13 N15 O11 P11 P14 M17 M18 O17 O18 N16 N18 O12 N14 K17
Tree:
: T  41.40c W  39.61c S   1.15c ( +3.2 L  +2.0) N    2005  --  R12 S13 R18 N17 Q12 T14 T16
---White(^)---
R12 : T  42.10c W  40.18c S   1.21c ( +3.2 L  +2.0) LCB   38.92c P 70.68% WF 1963.5 PSV    1954 N    1924  --  R12 S13 R18 N17 Q12 T14 T16 S12
R18 : T  29.71c W  28.99c S  -0.04c ( +2.0 L  +1.1) LCB    7.99c P 11.47% WF  49.5 PSV      47 N      41  --  R18 N17 Q12 R12 R11 P14 N15 S11
R11 : T  27.88c W  28.97c S  -0.11c ( +1.9 L  +1.0) LCB    5.86c P 10.14% WF  34.7 PSV      37 N      29  --  R11 S13 R18 N17 Q12 T14 T16 S11
O17 : T  16.79c W  27.54c S  -0.25c ( +1.8 L  +0.9) LCB  -20.66c P  2.84% WF   6.1 PSV       6 N       5  --  O17 O18 R12 S13
Q12 : T  18.06c W  21.29c S  -0.91c ( +1.1 L  +0.7) LCB -132.92c P  1.57% WF   3.3 PSV       3 N       2  --  Q12 R12
P13 : T   6.79c W   8.63c S  -1.84c ( +0.2 L  -0.1) LCB -343.21c P  1.25% WF   1.0 PSV       1 N       1  --  P13
S13 : T  14.97c W  16.34c S  -1.37c ( +0.7 L  +0.4) LCB -335.03c P  0.94% WF   1.5 PSV       1 N       1  --  S13
N16 : T  18.91c W  19.37c S  -0.46c ( +1.6 L  +0.4) LCB -331.09c P  0.47% WF   1.1 PSV       1 N       1  --  N16

2026-06-18 18:50:04+0800: = R12
2026-06-18 18:50:04+0800: Controller: lz-analyze white 1
2026-06-18 18:50:04+0800: =
2026-06-18 18:50:15+0800: Controller: play black S13
2026-06-18 18:50:15+0800: = 
2026-06-18 18:50:15+0800: Controller: genmove white
2026-06-18 18:50:38+0800: MoveNum: 1 HASH: 9CFDD2A3135CF8114D627429D55981D7
   A B C D E F G H J K L M N O P Q R S T
19 . . . . . . . . . . . . . . . . . . .
18 . . . . . . . . . . . . . . . X @ . .
17 . . X O . . . . . . . . . . . X O . .
16 . . X O . . . . . . . . . . . X O . .
15 . . . O . . . . . . . . . . O O X O .
14 . . X . . . . . . . . . . . . . X O .
13 . X . . . . . . . . . . . . . . X X1.
12 . . . . . . . . . . . . . . . . O . .
11 . . . . . . . . . . . . . . . . . . .
10 . . . . . . . . . . . . . . . . . . .
 9 . . . . . . . . . . . . . . . . . . .
 8 . . . . . . . . . . . . . . . . . . .
 7 . . . . . . . . . . . . . . . . . . .
 6 . . . . . . . . . . . . . . . . . . .
 5 . . . . . . . . . . . . . . . . . . .
 4 . . . O . . . . . . . . . . . X . . .
 3 . . . . . . . . . . . . . . . . . . .
 2 . . . . . . . . . . . . . . . . . . .
 1 . . . . . . . . . . . . . . . . . . .

koSIMPLEscoreAREAtaxNONEsui0whbNfpok1komi7.5
Time taken: 22.718
Root visits: 2004
New playouts: 2004
NN rows: 256
NN batches: 86
NN avg batch size: 2.97674
PV: R18 N17 Q12 T14 T16 S12 S11 R11 R10 P13 N15 O11 P11 P14 M17 M18 O17 O18 N16 N18 O12 N14 K17 M14 L17
Tree:
: T  40.02c W  38.01c S   1.85c ( +3.0 L  +1.9) N    2004  --  R18 N17 Q12 T14 T16 S12 S11
---White(^)---
R18 : T  40.17c W  38.15c S   1.87c ( +3.0 L  +1.9) LCB   36.89c P 96.80% WF 2026.8 PSV    2026 N    1998  --  R18 N17 Q12 T14 T16 S12 S11 R11
Q13 : T -69.96c W -62.80c S  -7.15c ( -5.9 L  -4.3) LCB -419.96c P  2.40% WF   0.6 PSV       1 N       1  --  Q13
Q12 : T -50.20c W -45.37c S  -4.83c ( -3.5 L  -3.1) LCB -400.20c P  0.42% WF   0.5 PSV       0 N       1  --  Q12
C15 : T -48.78c W -43.48c S  -5.31c ( -4.1 L  -4.0) LCB -398.78c P  0.14% WF   0.5 PSV       0 N       1  --  C15
P13 : T -88.42c W -78.77c S  -9.65c ( -8.3 L  -6.4) LCB -438.42c P  0.04% WF   0.8 PSV       0 N       1  --  P13
S12 : T -47.46c W -42.86c S  -4.60c ( -3.3 L  -3.1) LCB -397.46c P  0.01% WF   0.3 PSV       0 N       1  --  S12

2026-06-18 18:50:38+0800: = R18
2026-06-18 18:52:40+0800: Controller: play black F10
2026-06-18 18:52:40+0800: = 
2026-06-18 18:52:41+0800: Controller: genmove white
2026-06-18 18:53:41+0800: MoveNum: 3 HASH: 50BB274E0C0FC13535C0364E114D2102
   A B C D E F G H J K L M N O P Q R S T
19 . . . . . . . . . . . . . . . . . . .
18 . . . . . . . . . . . . . . . X O2. .
17 . . X O . . . . . . . . . . . X O . .
16 . . X O . . . . . . . . . . . X O . .
15 . . . O . . . . . . . . . . O O X O .
14 . . X . . . . . . . . . . . . . X O .
13 . X . . . . . . . . . . . . . @ X X1.
12 . . . . . . . . . . . . . . . . O . .
11 . . . . . . . . . . . . . . . . . . .
10 . . . . . X3. . . . . . . . . . . . .
 9 . . . . . . . . . . . . . . . . . . .
 8 . . . . . . . . . . . . . . . . . . .
 7 . . . . . . . . . . . . . . . . . . .
 6 . . . . . . . . . . . . . . . . . . .
 5 . . . . . . . . . . . . . . . . . . .
 4 . . . O . . . . . . . . . . . X . . .
 3 . . . . . . . . . . . . . . . . . . .
 2 . . . . . . . . . . . . . . . . . . .
 1 . . . . . . . . . . . . . . . . . . .

koSIMPLEscoreAREAtaxNONEsui0whbNfpok1komi7.5
Time taken: 60.297
Root visits: 1308
New playouts: 1308
NN rows: 692
NN batches: 232
NN avg batch size: 2.98276
PV: Q13 S12 R11 S11 R10 Q14 P14 P13 Q12 T14 T16 O13 O17 S10 R9 S9 R8 S8 P16
Tree:
: T  90.05c W  87.06c S   2.95c ( +9.7 L  +7.3) N    1308  --  Q13 S12 R11 S11 R10 Q14 P14
---White(^)---
Q13 : T  90.31c W  86.99c S   3.35c (+10.1 L  +7.6) LCB   88.20c P 47.99% WF 1831.1 PSV    1828 N     957  --  Q13 S12 R11 S11 R10 Q14 P14 P13
Q12 : T  90.18c W  87.69c S   2.27c ( +9.0 L  +6.7) LCB   87.95c P 47.99% WF 939.2 PSV     940 N     325  --  Q12 N17 Q13 R10 S12 K17 R6 F17
N15 : T  67.76c W  68.86c S  -1.10c ( +5.8 L  +3.6) LCB -282.24c P  1.07% WF   1.8 PSV       1 N       1  --  N15
N16 : T  83.28c W  82.54c S   1.57c ( +8.4 L  +6.0) LCB   70.03c P  0.07% WF  21.9 PSV       0 N      12  --  N16 P13 M17 T14 S16
O16 : T  72.59c W  73.94c S   0.23c ( +7.1 L  +5.0) LCB   28.31c P  0.06% WF   5.7 PSV       0 N       5  --  O16 P13 M17
P13 : T  66.80c W  70.98c S  -0.39c ( +6.5 L  +4.4) LCB   10.80c P  0.48% WF   7.0 PSV       0 N       4  --  P13 T14 S16
O17 : T  64.98c W  66.43c S  -1.45c ( +5.5 L  +3.5) LCB -285.02c P  0.61% WF   2.3 PSV       0 N       1  --  O17
M17 : T  52.58c W  55.49c S  -2.92c ( +4.0 L  +2.6) LCB -297.42c P  0.28% WF   1.9 PSV       0 N       1  --  M17
C15 : T  77.83c W  77.25c S   0.58c ( +7.4 L  +5.0) LCB -272.17c P  0.14% WF   1.8 PSV       0 N       1  --  C15

2026-06-18 18:53:41+0800: = Q13
2026-06-18 18:53:41+0800: Controller: lz-analyze white 1
2026-06-18 18:53:41+0800: =
