2026-06-18 19:01:17+0800: Running with following config:
allowResignation = true
lagBuffer = 1.0
logAllGTPCommunication = true
logDir = gtp_logs
logSearchInfo = true
logSearchInfoForChosenMove = false
logToStderr = false
maxTime = 60
maxTimePondering = 60.0
maxVisits = 2000
numSearchThreads = 6
ponderingEnabled = false
resignConsecTurns = 3
resignThreshold = -0.90
rules = tromp-taylor
searchFactorAfterOnePass = 0.50
searchFactorAfterTwoPass = 0.25
searchFactorWhenWinning = 0.40
searchFactorWhenWinningThreshold = 0.95

2026-06-18 19:01:17+0800: GTP Engine starting...
2026-06-18 19:01:17+0800: KataGo v1.16.5
2026-06-18 19:01:17+0800: Using TrompTaylor rules initially, unless GTP/GUI overrides this
2026-06-18 19:01:17+0800: Using 6 CPU thread(s) for search
2026-06-18 19:01:17+0800: nnRandSeed0 = 12708742584981853848
2026-06-18 19:01:17+0800: After dedups: nnModelFile0 = D:\Program Files\Reasonix\workspace\lan-boardgame\server\katago\kata1-zhizi-b28c512nbt-muonfd2.bin.gz useFP16 auto useNHWC auto
2026-06-18 19:01:17+0800: Initializing neural net buffer to be size 19 * 19 exactly
2026-06-18 19:01:23+0800: Found OpenCL Platform 0: AMD Accelerated Parallel Processing (Advanced Micro Devices, Inc.) (OpenCL 2.1 AMD-APP (2841.5))
2026-06-18 19:01:23+0800: Found 1 device(s) on platform 0 with type CPU or GPU or Accelerator
2026-06-18 19:01:23+0800: Found OpenCL Device 0: gfx902 (Advanced Micro Devices, Inc.) (score 11000200)
2026-06-18 19:01:23+0800: Creating context for OpenCL Platform: AMD Accelerated Parallel Processing (Advanced Micro Devices, Inc.) (OpenCL 2.1 AMD-APP (2841.5))
2026-06-18 19:01:23+0800: Using OpenCL Device 0: gfx902 (Advanced Micro Devices, Inc.) OpenCL 2.0 AMD-APP (2841.5) (Extensions: cl_khr_fp64 cl_amd_fp64 cl_khr_global_int32_base_atomics cl_khr_global_int32_extended_atomics cl_khr_local_int32_base_atomics cl_khr_local_int32_extended_atomics cl_khr_int64_base_atomics cl_khr_int64_extended_atomics cl_khr_3d_image_writes cl_khr_byte_addressable_store cl_khr_fp16 cl_khr_gl_sharing cl_khr_gl_depth_images cl_amd_device_attribute_query cl_amd_vec3 cl_amd_printf cl_amd_media_ops cl_amd_media_ops2 cl_amd_popcnt cl_khr_d3d10_sharing cl_khr_d3d11_sharing cl_khr_dx9_media_sharing cl_khr_image2d_from_buffer cl_khr_spir cl_khr_subgroups cl_khr_gl_event cl_khr_depth_images cl_khr_mipmap_image cl_khr_mipmap_image_writes cl_amd_liquid_flash cl_amd_planar_yuv)
2026-06-18 19:01:23+0800: Loaded tuning parameters from: D:\Program Files\Reasonix\workspace\lan-boardgame\server\katago\katago-v1.16.5-opencl-windows-x64/KataGoData/opencltuning/tune11_gpugfx902_x19_y19_c512_mv15.txt
2026-06-18 19:01:29+0800: OpenCL backend thread 0: Model version 15
2026-06-18 19:01:29+0800: OpenCL backend thread 0: Model name: zhizi_hzy_b28_muonfd2
2026-06-18 19:01:43+0800: OpenCL backend thread 0: FP16Storage true FP16Compute true FP16TensorCores false FP16TensorCoresFor1x1 false
2026-06-18 19:01:43+0800: Loaded neural net with nnXLen 19 nnYLen 19
2026-06-18 19:01:43+0800: Initializing board with boardXSize 19 boardYSize 19
2026-06-18 19:01:43+0800: Loaded config D:\Program Files\Reasonix\workspace\lan-boardgame\server\katago\katago-v1.16.5-opencl-windows-x64\default_gtp.cfg and/or command-line and query overrides
2026-06-18 19:01:43+0800: Loaded model D:\Program Files\Reasonix\workspace\lan-boardgame\server\katago\kata1-zhizi-b28c512nbt-muonfd2.bin.gz
2026-06-18 19:01:43+0800: Config override: maxTime = 60
2026-06-18 19:01:43+0800: Config override: maxVisits = 2000
2026-06-18 19:01:43+0800: Model name: zhizi_hzy_b28_muonfd2
2026-06-18 19:01:43+0800: GTP ready, beginning main protocol loop
2026-06-18 19:01:43+0800: Controller: name
2026-06-18 19:01:43+0800: = KataGo
2026-06-18 19:01:43+0800: Controller: boardsize 19
2026-06-18 19:01:43+0800: = 
2026-06-18 19:01:43+0800: Controller: kata-set-rules chinese
2026-06-18 19:01:43+0800: Changed rules to Chinese
2026-06-18 19:01:43+0800: = 
2026-06-18 19:01:43+0800: Controller: komi 7.5
2026-06-18 19:01:43+0800: = 
2026-06-18 19:01:43+0800: Controller: clear_board
2026-06-18 19:01:43+0800: = 
2026-06-18 19:01:54+0800: Controller: play black R16
2026-06-18 19:01:54+0800: = 
2026-06-18 19:01:54+0800: Controller: kata-genmove_analyze white 1
2026-06-18 19:01:54+0800: =
2026-06-18 19:02:54+0800: MoveNum: 1 HASH: 48315B528346F7FF166D01D0584718A4
   A B C D E F G H J K L M N O P Q R S T
19 . . . . . . . . . . . . . . . . . . .
18 . . . . . . . . . . . . . . . . . . .
17 . . . . . . . . . . . . . . . . . . .
16 . . . @ . . . . . . . . . . . . X1. .
15 . . . . . . . . . . . . . . . . . . .
14 . . . . . . . . . . . . . . . . . . .
13 . . . . . . . . . . . . . . . . . . .
12 . . . . . . . . . . . . . . . . . . .
11 . . . . . . . . . . . . . . . . . . .
10 . . . . . . . . . . . . . . . . . . .
 9 . . . . . . . . . . . . . . . . . . .
 8 . . . . . . . . . . . . . . . . . . .
 7 . . . . . . . . . . . . . . . . . . .
 6 . . . . . . . . . . . . . . . . . . .
 5 . . . . . . . . . . . . . . . . . . .
 4 . . . . . . . . . . . . . . . . . . .
 3 . . . . . . . . . . . . . . . . . . .
 2 . . . . . . . . . . . . . . . . . . .
 1 . . . . . . . . . . . . . . . . . . .

koSIMPLEscoreAREAtaxNONEsui0whbNfpok1komi7.5
Time taken: 60.203
Root visits: 777
New playouts: 777
NN rows: 704
NN batches: 236
NN avg batch size: 2.98305
PV: D16 Q4 D4 P16 R3 Q3 R4 R6 S6 S7 R5 Q6 Q5 P5 P4 P2 O4 O5 N5 N6 N3 R2 S5 R8 S2
Tree:
: T  30.10c W  29.21c S   0.18c ( +1.6 L  +0.9) N     777  --  D16 Q4 D4 P16 R3 Q3 R4
---White(^)---
D16 : T  31.60c W  29.92c S   0.28c ( +1.7 L  +1.0) LCB   27.20c P 33.40% WF 913.6 PSV     900 N     362  --  D16 Q4 D4 P16 R3 Q3 R4 R6
D17 : T  30.60c W  29.12c S   0.15c ( +1.6 L  +0.9) LCB   26.14c P  8.97% WF 728.0 PSV     141 N     242  --  D17 O17 Q3 D4 C3 D3 C4 C6
D4  : T  24.23c W  26.15c S  -0.05c ( +1.4 L  +0.8) LCB   15.03c P 31.57% WF 164.4 PSV     135 N      64  --  D4 P16 D16 Q3 R5 O4 Q9
R4  : T  28.63c W  30.00c S   0.19c ( +1.6 L  +0.9) LCB   19.01c P  5.23% WF 137.4 PSV      45 N      47  --  R4 D4 D16 P3 P17 Q5 R5 Q6
C16 : T  26.74c W  28.96c S   0.11c ( +1.6 L  +0.9) LCB   14.07c P  5.35% WF  62.4 PSV      32 N      21  --  C16 Q4 D4 E16 P17 Q15
Q4  : T  25.72c W  27.65c S   0.04c ( +1.5 L  +0.8) LCB    8.51c P  4.48% WF  30.7 PSV      23 N      10  --  Q4 C16 C4 E3 E17
D3  : T  28.13c W  28.42c S   0.10c ( +1.6 L  +0.9) LCB   18.95c P  2.31% WF  41.7 PSV      17 N      14  --  D3 D16 Q4 C5 C17
C17 : T  29.65c W  29.22c S   0.15c ( +1.6 L  +0.8) LCB   15.20c P  0.86% WF  34.2 PSV       9 N      11  --  C17 C4 Q4 O17 E3
C4  : T  14.12c W  15.50c S  -1.38c ( +0.1 L  +0.1) LCB -335.88c P  1.75% WF   2.7 PSV       3 N       1  --  C4
Q3  : T  17.67c W  18.75c S  -1.08c ( +0.4 L  +0.2) LCB -332.33c P  1.32% WF   2.8 PSV       3 N       1  --  Q3

2026-06-18 19:02:54+0800: play D16
